<?xml version="1.0" encoding="UTF-8"?>
<!-- Generated by org.testng.reporters.JUnitReportReporter -->
<testsuite hostname="Viveks-MacBook-Pro.local" failures="0" tests="1" name="VerifyTotalTestNGEx" time="1.242" errors="0" timestamp="2023-04-09T13:31:34 GMT-06:00" skipped="0">
  <testcase classname="VerifyTotalTestNGEx" name="verifyTotal" time="1.242"/>
  <system-out/>
</testsuite> <!-- VerifyTotalTestNGEx -->
