<?xml version="1.0" encoding="UTF-8"?>
<!-- Generated by org.testng.reporters.JUnitReportReporter -->
<testsuite hostname="Viveks-MacBook-Pro.local" failures="0" tests="3" name="Files.DynamicJson" time="3.594" errors="0" timestamp="2023-04-09T15:28:51 GMT-06:00" skipped="0">
  <testcase classname="Files.DynamicJson" name="AddBook" time="0.690"/>
  <system-out/>
  <testcase classname="Files.DynamicJson" name="AddBook" time="2.293"/>
  <system-out/>
  <testcase classname="Files.DynamicJson" name="AddBook" time="0.611"/>
  <system-out/>
</testsuite> <!-- Files.DynamicJson -->
